<?xml version="1.0" encoding="UTF-8"?>
<!-- Generated by org.testng.reporters.JUnitReportReporter -->
<testsuite skipped="0" hostname="LAPTOP-Q72PD7FI" name="tests.TC_Login_01" tests="1" failures="0" timestamp="02 Sep 2019 07:16:29 GMT" time="4.360" errors="0">
  <testcase name="userLogin" time="4.360" classname="tests.TC_Login_01"/>
</testsuite> <!-- tests.TC_Login_01 -->
