<?xml version="1.0" encoding="UTF-8"?>
<!-- Generated by org.testng.reporters.JUnitReportReporter -->
<testsuite skipped="0" hostname="LAPTOP-Q72PD7FI" name="testbase.TestBase" tests="1" failures="0" timestamp="2019-08-25T09:51:11 CEST" time="0.371" errors="0">
  <testcase name="f" time="0.371" classname="testbase.TestBase"/>
</testsuite> <!-- testbase.TestBase -->
