<?xml version="1.0" encoding="UTF-8"?>
<!-- Generated by org.testng.reporters.JUnitReportReporter -->
<testsuite skipped="0" hostname="LAPTOP-Q72PD7FI" name="tests.RegisterNewAccountTest" tests="1" failures="0" timestamp="2019-08-26T23:59:36 CEST" time="1.412" errors="0">
  <testcase name="registerNewAccount" time="1.412" classname="tests.RegisterNewAccountTest"/>
</testsuite> <!-- tests.RegisterNewAccountTest -->
