<?xml version="1.0" encoding="UTF-8"?>
<!-- Generated by org.testng.reporters.JUnitReportReporter -->
<testsuite skipped="0" hostname="LAPTOP-Q72PD7FI" name="tests.TC_Login_01" tests="1" failures="0" timestamp="2019-08-30T13:58:48 CEST" time="4.851" errors="0">
  <testcase name="userLogin" time="4.851" classname="tests.TC_Login_01"/>
</testsuite> <!-- tests.TC_Login_01 -->
