<?xml version="1.0" encoding="UTF-8"?>
<!-- Generated by org.testng.reporters.JUnitReportReporter -->
<testsuite skipped="0" hostname="LAPTOP-Q72PD7FI" name="tests.LoginTest" tests="1" failures="0" timestamp="2019-08-28T21:53:55 CEST" time="4.468" errors="0">
  <testcase name="userLogin" time="4.468" classname="tests.LoginTest"/>
</testsuite> <!-- tests.LoginTest -->
