<?xml version="1.0" encoding="UTF-8"?>
<!-- Generated by org.testng.reporters.JUnitReportReporter -->
<testsuite skipped="0" hostname="LAPTOP-Q72PD7FI" name="tests.RegisterNewAccountTest" tests="1" failures="0" timestamp="25 Aug 2019 14:54:44 GMT" time="0.323" errors="0">
  <testcase name="init" time="0.323" classname="tests.RegisterNewAccountTest"/>
</testsuite> <!-- tests.RegisterNewAccountTest -->
