<?xml version="1.0" encoding="UTF-8"?>
<!-- Generated by org.testng.reporters.JUnitReportReporter -->
<testsuite skipped="0" hostname="LAPTOP-Q72PD7FI" name="tests.RegisterNewAccountTest" tests="1" failures="0" timestamp="28 Aug 2019 22:20:47 GMT" time="1.367" errors="0">
  <testcase name="registerNewAccount" time="1.367" classname="tests.RegisterNewAccountTest"/>
</testsuite> <!-- tests.RegisterNewAccountTest -->
